{"C:\\Users\\Brend\\Desktop\\backend-bootcamp\\src\\data\\usecases\\add-account\\db-add-account-protocols.ts": {"path":"C:\\Users\\Brend\\Desktop\\backend-bootcamp\\src\\data\\usecases\\add-account\\db-add-account-protocols.ts","statementMap":{"0":{"start":{"line":1,"column":0},"end":{"line":1,"column":44}},"1":{"start":{"line":2,"column":0},"end":{"line":2,"column":47}},"2":{"start":{"line":3,"column":0},"end":{"line":3,"column":55}},"3":{"start":{"line":4,"column":0},"end":{"line":4,"column":57}}},"fnMap":{},"branchMap":{},"s":{"0":0,"1":0,"2":0,"3":0},"f":{},"b":{}}
,"C:\\Users\\Brend\\Desktop\\backend-bootcamp\\src\\data\\usecases\\add-account\\db-add-account.ts": {"path":"C:\\Users\\Brend\\Desktop\\backend-bootcamp\\src\\data\\usecases\\add-account\\db-add-account.ts","statementMap":{"0":{"start":{"line":11,"column":21},"end":{"line":11,"column":41}},"1":{"start":{"line":12,"column":21},"end":{"line":12,"column":65}},"2":{"start":{"line":16,"column":27},"end":{"line":16,"column":77}},"3":{"start":{"line":17,"column":27},"end":{"line":18,"column":null}},"4":{"start":{"line":20,"column":4},"end":{"line":20,"column":26}},"5":{"start":{"line":9,"column":0},"end":{"line":9,"column":13}}},"fnMap":{"0":{"name":"(anonymous_0)","decl":{"start":{"line":10,"column":2},"end":{"line":10,"column":null}},"loc":{"start":{"line":12,"column":65},"end":{"line":13,"column":6}}},"1":{"name":"(anonymous_1)","decl":{"start":{"line":15,"column":2},"end":{"line":15,"column":7}},"loc":{"start":{"line":15,"column":40},"end":{"line":21,"column":3}}}},"branchMap":{},"s":{"0":9,"1":9,"2":6,"3":5,"4":4,"5":5},"f":{"0":9,"1":6},"b":{}}
,"C:\\Users\\Brend\\Desktop\\backend-bootcamp\\src\\infra\\criptography\\bcrypt-adapter.ts": {"path":"C:\\Users\\Brend\\Desktop\\backend-bootcamp\\src\\infra\\criptography\\bcrypt-adapter.ts","statementMap":{"0":{"start":{"line":2,"column":0},"end":{"line":2,"column":28}},"1":{"start":{"line":5,"column":31},"end":{"line":5,"column":43}},"2":{"start":{"line":8,"column":25},"end":{"line":8,"column":60}},"3":{"start":{"line":9,"column":4},"end":{"line":9,"column":24}},"4":{"start":{"line":4,"column":0},"end":{"line":4,"column":13}}},"fnMap":{"0":{"name":"(anonymous_1)","decl":{"start":{"line":5,"column":2},"end":{"line":5,"column":31}},"loc":{"start":{"line":5,"column":43},"end":{"line":5,"column":47}}},"1":{"name":"(anonymous_2)","decl":{"start":{"line":7,"column":2},"end":{"line":7,"column":7}},"loc":{"start":{"line":7,"column":29},"end":{"line":10,"column":3}}}},"branchMap":{},"s":{"0":5,"1":7,"2":4,"3":3,"4":5},"f":{"0":7,"1":4},"b":{}}
,"C:\\Users\\Brend\\Desktop\\backend-bootcamp\\src\\infra\\criptography\\db\\mongodb\\account-repository\\account.ts": {"path":"C:\\Users\\Brend\\Desktop\\backend-bootcamp\\src\\infra\\criptography\\db\\mongodb\\account-repository\\account.ts","statementMap":{"0":{"start":{"line":1,"column":0},"end":{"line":1,"column":53}},"1":{"start":{"line":8,"column":30},"end":{"line":8,"column":67}},"2":{"start":{"line":9,"column":19},"end":{"line":9,"column":65}},"3":{"start":{"line":10,"column":27},"end":{"line":10,"column":40}},"4":{"start":{"line":12,"column":4},"end":{"line":12,"column":null}},"5":{"start":{"line":6,"column":0},"end":{"line":6,"column":13}}},"fnMap":{"0":{"name":"(anonymous_0)","decl":{"start":{"line":7,"column":2},"end":{"line":7,"column":7}},"loc":{"start":{"line":7,"column":40},"end":{"line":13,"column":3}}}},"branchMap":{},"s":{"0":5,"1":2,"2":2,"3":2,"4":2,"5":5},"f":{"0":2},"b":{}}
,"C:\\Users\\Brend\\Desktop\\backend-bootcamp\\src\\infra\\criptography\\db\\mongodb\\account-repository\\helpers\\mongo-helper.ts": {"path":"C:\\Users\\Brend\\Desktop\\backend-bootcamp\\src\\infra\\criptography\\db\\mongodb\\account-repository\\helpers\\mongo-helper.ts","statementMap":{"0":{"start":{"line":1,"column":0},"end":{"line":1,"column":50}},"1":{"start":{"line":3,"column":13},"end":{"line":24,"column":2}},"2":{"start":{"line":7,"column":4},"end":{"line":10,"column":7}},"3":{"start":{"line":13,"column":4},"end":{"line":13,"column":30}},"4":{"start":{"line":17,"column":4},"end":{"line":17,"column":45}},"5":{"start":{"line":21,"column":46},"end":{"line":21,"column":56}},"6":{"start":{"line":22,"column":6},"end":{"line":22,"column":null}}},"fnMap":{"0":{"name":"(anonymous_0)","decl":{"start":{"line":6,"column":2},"end":{"line":6,"column":7}},"loc":{"start":{"line":6,"column":27},"end":{"line":11,"column":3}}},"1":{"name":"(anonymous_1)","decl":{"start":{"line":12,"column":2},"end":{"line":12,"column":7}},"loc":{"start":{"line":12,"column":18},"end":{"line":14,"column":3}}},"2":{"name":"(anonymous_2)","decl":{"start":{"line":16,"column":2},"end":{"line":16,"column":15}},"loc":{"start":{"line":16,"column":28},"end":{"line":18,"column":3}}},"3":{"name":"(anonymous_3)","decl":{"start":{"line":20,"column":7},"end":{"line":20,"column":8}},"loc":{"start":{"line":20,"column":32},"end":{"line":23,"column":3}}}},"branchMap":{},"s":{"0":5,"1":5,"2":2,"3":2,"4":4,"5":2,"6":2},"f":{"0":2,"1":2,"2":4,"3":2},"b":{}}
,"C:\\Users\\Brend\\Desktop\\backend-bootcamp\\src\\presentation\\controllers\\signup\\signup-protocols.ts": {"path":"C:\\Users\\Brend\\Desktop\\backend-bootcamp\\src\\presentation\\controllers\\signup\\signup-protocols.ts","statementMap":{"0":{"start":{"line":1,"column":0},"end":{"line":1,"column":32}},"1":{"start":{"line":2,"column":0},"end":{"line":2,"column":48}},"2":{"start":{"line":3,"column":0},"end":{"line":3,"column":53}},"3":{"start":{"line":4,"column":0},"end":{"line":4,"column":47}}},"fnMap":{},"branchMap":{},"s":{"0":0,"1":0,"2":0,"3":0},"f":{},"b":{}}
,"C:\\Users\\Brend\\Desktop\\backend-bootcamp\\src\\presentation\\controllers\\signup\\signup.ts": {"path":"C:\\Users\\Brend\\Desktop\\backend-bootcamp\\src\\presentation\\controllers\\signup\\signup.ts","statementMap":{"0":{"start":{"line":1,"column":0},"end":{"line":1,"column":56}},"1":{"start":{"line":2,"column":0},"end":{"line":2,"column":78}},"2":{"start":{"line":10,"column":0},"end":{"line":10,"column":68}},"3":{"start":{"line":14,"column":21},"end":{"line":14,"column":51}},"4":{"start":{"line":15,"column":12},"end":{"line":15,"column":35}},"5":{"start":{"line":19,"column":4},"end":{"line":50,"column":null}},"6":{"start":{"line":20,"column":29},"end":{"line":25,"column":8}},"7":{"start":{"line":26,"column":6},"end":{"line":30,"column":null}},"8":{"start":{"line":27,"column":8},"end":{"line":29,"column":null}},"9":{"start":{"line":28,"column":10},"end":{"line":28,"column":58}},"10":{"start":{"line":31,"column":62},"end":{"line":31,"column":78}},"11":{"start":{"line":32,"column":6},"end":{"line":34,"column":null}},"12":{"start":{"line":33,"column":8},"end":{"line":33,"column":73}},"13":{"start":{"line":36,"column":27},"end":{"line":36,"column":61}},"14":{"start":{"line":37,"column":6},"end":{"line":39,"column":null}},"15":{"start":{"line":38,"column":8},"end":{"line":38,"column":58}},"16":{"start":{"line":41,"column":29},"end":{"line":45,"column":8}},"17":{"start":{"line":47,"column":6},"end":{"line":47,"column":39}},"18":{"start":{"line":49,"column":6},"end":{"line":49,"column":27}},"19":{"start":{"line":12,"column":0},"end":{"line":12,"column":13}}},"fnMap":{"0":{"name":"(anonymous_0)","decl":{"start":{"line":13,"column":2},"end":{"line":13,"column":null}},"loc":{"start":{"line":15,"column":35},"end":{"line":16,"column":6}}},"1":{"name":"(anonymous_1)","decl":{"start":{"line":18,"column":2},"end":{"line":18,"column":7}},"loc":{"start":{"line":18,"column":39},"end":{"line":51,"column":3}}}},"branchMap":{"0":{"loc":{"start":{"line":27,"column":8},"end":{"line":29,"column":null}},"type":"if","locations":[{"start":{"line":27,"column":8},"end":{"line":29,"column":null}},{"start":{"line":27,"column":8},"end":{"line":29,"column":null}}]},"1":{"loc":{"start":{"line":32,"column":6},"end":{"line":34,"column":null}},"type":"if","locations":[{"start":{"line":32,"column":6},"end":{"line":34,"column":null}},{"start":{"line":32,"column":6},"end":{"line":34,"column":null}}]},"2":{"loc":{"start":{"line":37,"column":6},"end":{"line":39,"column":null}},"type":"if","locations":[{"start":{"line":37,"column":6},"end":{"line":39,"column":null}},{"start":{"line":37,"column":6},"end":{"line":39,"column":null}}]}},"s":{"0":5,"1":5,"2":5,"3":15,"4":15,"5":12,"6":12,"7":12,"8":42,"9":4,"10":8,"11":8,"12":1,"13":7,"14":6,"15":1,"16":5,"17":4,"18":2,"19":5},"f":{"0":15,"1":12},"b":{"0":[4,38],"1":[1,7],"2":[1,5]}}
,"C:\\Users\\Brend\\Desktop\\backend-bootcamp\\src\\presentation\\helpers\\http-helper.ts": {"path":"C:\\Users\\Brend\\Desktop\\backend-bootcamp\\src\\presentation\\helpers\\http-helper.ts","statementMap":{"0":{"start":{"line":1,"column":0},"end":{"line":1,"column":52}},"1":{"start":{"line":4,"column":26},"end":{"line":7,"column":2}},"2":{"start":{"line":4,"column":59},"end":{"line":7,"column":2}},"3":{"start":{"line":4,"column":13},"end":{"line":4,"column":26}},"4":{"start":{"line":9,"column":25},"end":{"line":12,"column":2}},"5":{"start":{"line":9,"column":55},"end":{"line":12,"column":2}},"6":{"start":{"line":9,"column":13},"end":{"line":9,"column":25}},"7":{"start":{"line":14,"column":27},"end":{"line":17,"column":2}},"8":{"start":{"line":14,"column":48},"end":{"line":17,"column":2}},"9":{"start":{"line":14,"column":13},"end":{"line":14,"column":27}}},"fnMap":{"0":{"name":"(anonymous_0)","decl":{"start":{"line":4,"column":26},"end":{"line":4,"column":27}},"loc":{"start":{"line":4,"column":59},"end":{"line":7,"column":2}}},"1":{"name":"(anonymous_1)","decl":{"start":{"line":9,"column":25},"end":{"line":9,"column":26}},"loc":{"start":{"line":9,"column":55},"end":{"line":12,"column":2}}},"2":{"name":"(anonymous_2)","decl":{"start":{"line":14,"column":27},"end":{"line":14,"column":44}},"loc":{"start":{"line":14,"column":48},"end":{"line":17,"column":2}}}},"branchMap":{},"s":{"0":5,"1":5,"2":6,"3":5,"4":5,"5":4,"6":5,"7":5,"8":2,"9":5},"f":{"0":6,"1":4,"2":2},"b":{}}
,"C:\\Users\\Brend\\Desktop\\backend-bootcamp\\src\\presentation\\protocols\\index.ts": {"path":"C:\\Users\\Brend\\Desktop\\backend-bootcamp\\src\\presentation\\protocols\\index.ts","statementMap":{"0":{"start":{"line":1,"column":0},"end":{"line":1,"column":29}},"1":{"start":{"line":2,"column":0},"end":{"line":2,"column":23}}},"fnMap":{},"branchMap":{},"s":{"0":0,"1":0},"f":{},"b":{}}
,"C:\\Users\\Brend\\Desktop\\backend-bootcamp\\src\\presentation\\protocols\\errors\\index.ts": {"path":"C:\\Users\\Brend\\Desktop\\backend-bootcamp\\src\\presentation\\protocols\\errors\\index.ts","statementMap":{"0":{"start":{"line":1,"column":0},"end":{"line":1,"column":37}},"1":{"start":{"line":2,"column":0},"end":{"line":2,"column":37}},"2":{"start":{"line":3,"column":0},"end":{"line":3,"column":30}}},"fnMap":{},"branchMap":{},"s":{"0":5,"1":5,"2":5},"f":{},"b":{}}
,"C:\\Users\\Brend\\Desktop\\backend-bootcamp\\src\\presentation\\protocols\\errors\\invalid-param-error.ts": {"path":"C:\\Users\\Brend\\Desktop\\backend-bootcamp\\src\\presentation\\protocols\\errors\\invalid-param-error.ts","statementMap":{"0":{"start":{"line":3,"column":8},"end":{"line":3,"column":null}},"1":{"start":{"line":4,"column":8},"end":{"line":4,"column":null}},"2":{"start":{"line":1,"column":0},"end":{"line":1,"column":13}}},"fnMap":{"0":{"name":"(anonymous_0)","decl":{"start":{"line":2,"column":4},"end":{"line":2,"column":16}},"loc":{"start":{"line":2,"column":33},"end":{"line":5,"column":5}}}},"branchMap":{},"s":{"0":4,"1":4,"2":5},"f":{"0":4},"b":{}}
,"C:\\Users\\Brend\\Desktop\\backend-bootcamp\\src\\presentation\\protocols\\errors\\missing-param-error.ts": {"path":"C:\\Users\\Brend\\Desktop\\backend-bootcamp\\src\\presentation\\protocols\\errors\\missing-param-error.ts","statementMap":{"0":{"start":{"line":3,"column":8},"end":{"line":3,"column":null}},"1":{"start":{"line":4,"column":8},"end":{"line":4,"column":null}},"2":{"start":{"line":1,"column":0},"end":{"line":1,"column":13}}},"fnMap":{"0":{"name":"(anonymous_0)","decl":{"start":{"line":2,"column":4},"end":{"line":2,"column":16}},"loc":{"start":{"line":2,"column":33},"end":{"line":5,"column":5}}}},"branchMap":{},"s":{"0":8,"1":8,"2":5},"f":{"0":8},"b":{}}
,"C:\\Users\\Brend\\Desktop\\backend-bootcamp\\src\\presentation\\protocols\\errors\\server-error.ts": {"path":"C:\\Users\\Brend\\Desktop\\backend-bootcamp\\src\\presentation\\protocols\\errors\\server-error.ts","statementMap":{"0":{"start":{"line":3,"column":8},"end":{"line":3,"column":null}},"1":{"start":{"line":4,"column":8},"end":{"line":4,"column":null}},"2":{"start":{"line":1,"column":0},"end":{"line":1,"column":13}}},"fnMap":{"0":{"name":"(anonymous_0)","decl":{"start":{"line":2,"column":4},"end":{"line":2,"column":null}},"loc":{"start":{"line":2,"column":4},"end":{"line":5,"column":5}}}},"branchMap":{},"s":{"0":4,"1":4,"2":5},"f":{"0":4},"b":{}}
,"C:\\Users\\Brend\\Desktop\\backend-bootcamp\\src\\utils\\email-validator-adapter.ts": {"path":"C:\\Users\\Brend\\Desktop\\backend-bootcamp\\src\\utils\\email-validator-adapter.ts","statementMap":{"0":{"start":{"line":2,"column":0},"end":{"line":2,"column":34}},"1":{"start":{"line":6,"column":4},"end":{"line":6,"column":36}},"2":{"start":{"line":4,"column":0},"end":{"line":4,"column":13}}},"fnMap":{"0":{"name":"(anonymous_1)","decl":{"start":{"line":5,"column":2},"end":{"line":5,"column":9}},"loc":{"start":{"line":5,"column":23},"end":{"line":7,"column":3}}}},"branchMap":{},"s":{"0":5,"1":4,"2":5},"f":{"0":4},"b":{}}
}
